<?xml version="1.0" encoding="UTF-8"?>
<!-- Generated by org.testng.reporters.JUnitReportReporter -->
<testsuite skipped="0" hostname="ASDP1732PO02529" name="com.qait.training.assignment5.AdvancedTest" tests="1" failures="0" timestamp="31 Jul 2017 04:47:16 GMT" time="16.860" errors="0">
  <testcase name="test01_verifyUseLoginOn" time="16.860" classname="com.qait.training.assignment5.AdvancedTest"/>
</testsuite> <!-- com.qait.training.assignment5.AdvancedTest -->
