<?xml version="1.0" encoding="UTF-8"?>
<!-- Generated by org.testng.reporters.JUnitReportReporter -->
<testsuite skipped="0" hostname="ASDP1732PO02529" name="com.qait.training.assignment5.TestClass" tests="1" failures="0" timestamp="28 Jul 2017 09:40:38 GMT" time="30.586" errors="0">
  <testcase name="test01_verifyUseLoginOn" time="30.586" classname="com.qait.training.assignment5.TestClass"/>
</testsuite> <!-- com.qait.training.assignment5.TestClass -->
